# JRE version: OpenJDK Runtime Environment (16.0+36) (build 16+36-2231)
# Java VM: OpenJDK 64-Bit Server VM (16+36-2231, mixed mode, sharing, tiered, compressed oops, g1 gc, linux-amd64)
GC Precious Log:
 CPUs: 4 total, 4 available
 Memory: 7738M
 Large Page Support: Disabled
 NUMA Support: Disabled
 Compressed Oops: Enabled (32-bit)
 Heap Region Size: 1M
 Heap Min Capacity: 256M
 Heap Initial Capacity: 256M
 Heap Max Capacity: 512M
 Pre-touch: Disabled
 Parallel Workers: 4
 Concurrent Workers: 1
 Concurrent Refinement Workers: 4
 Periodic GC: Disabled
Heap:
 garbage-first heap   total 262144K, used 198163K [0x00000000e0000000, 0x0000000100000000)
  region size 1024K, 95 young (97280K), 10 survivors (10240K)
 Metaspace       used 74321K, committed 75200K, reserved 278528K
  class space    used 9633K, committed 10048K, reserved 212992K
GC Heap History (20 events):
Event: 57.675 GC heap before
{Heap before GC invocations=41 (full 0):
 garbage-first heap   total 262144K, used 224624K [0x00000000e0000000, 0x0000000100000000)
  region size 1024K, 152 young (155648K), 8 survivors (8192K)
 Metaspace       used 56057K, committed 56640K, reserved 262144K
  class space    used 7262K, committed 7552K, reserved 212992K
}
Event: 57.691 GC heap after
{Heap after GC invocations=42 (full 0):
 garbage-first heap   total 262144K, used 78635K [0x00000000e0000000, 0x0000000100000000)
  region size 1024K, 9 young (9216K), 9 survivors (9216K)
 Metaspace       used 56057K, committed 56640K, reserved 262144K
  class space    used 7262K, committed 7552K, reserved 212992K
}
Event: 58.896 GC heap before
{Heap before GC invocations=42 (full 0):
 garbage-first heap   total 262144K, used 224043K [0x00000000e0000000, 0x0000000100000000)
  region size 1024K, 151 young (154624K), 9 survivors (9216K)
 Metaspace       used 56097K, committed 56704K, reserved 270336K
  class space    used 7263K, committed 7552K, reserved 212992K
}
Event: 58.908 GC heap after
{Heap after GC invocations=43 (full 0):
 garbage-first heap   total 262144K, used 71274K [0x00000000e0000000, 0x0000000100000000)
  region size 1024K, 5 young (5120K), 5 survivors (5120K)
 Metaspace       used 56097K, committed 56704K, reserved 270336K
  class space    used 7263K, committed 7552K, reserved 212992K
}
Event: 59.296 GC heap before
{Heap before GC invocations=43 (full 0):
 garbage-first heap   total 262144K, used 225898K [0x00000000e0000000, 0x0000000100000000)
  region size 1024K, 153 young (156672K), 5 survivors (5120K)
 Metaspace       used 56107K, committed 56704K, reserved 270336K
  class space    used 7263K, committed 7552K, reserved 212992K
}
Event: 59.305 GC heap after
{Heap after GC invocations=44 (full 0):
 garbage-first heap   total 262144K, used 73852K [0x00000000e0000000, 0x0000000100000000)
  region size 1024K, 5 young (5120K), 5 survivors (5120K)
 Metaspace       used 56107K, committed 56704K, reserved 270336K
  class space    used 7263K, committed 7552K, reserved 212992K
}
Event: 59.584 GC heap before
{Heap before GC invocations=44 (full 0):
 garbage-first heap   total 262144K, used 225404K [0x00000000e0000000, 0x0000000100000000)
  region size 1024K, 153 young (156672K), 5 survivors (5120K)
 Metaspace       used 56107K, committed 56704K, reserved 270336K
  class space    used 7263K, committed 7552K, reserved 212992K
}
Event: 59.591 GC heap after
{Heap after GC invocations=45 (full 0):
 garbage-first heap   total 262144K, used 76382K [0x00000000e0000000, 0x0000000100000000)
  region size 1024K, 7 young (7168K), 7 survivors (7168K)
 Metaspace       used 56107K, committed 56704K, reserved 270336K
  class space    used 7263K, committed 7552K, reserved 212992K
}
Event: 60.563 GC heap before
{Heap before GC invocations=45 (full 0):
 garbage-first heap   total 262144K, used 228958K [0x00000000e0000000, 0x0000000100000000)
  region size 1024K, 153 young (156672K), 7 survivors (7168K)
 Metaspace       used 58251K, committed 59008K, reserved 270336K
  class space    used 7631K, committed 8000K, reserved 212992K
}
Event: 60.577 GC heap after
{Heap after GC invocations=46 (full 0):
 garbage-first heap   total 262144K, used 78468K [0x00000000e0000000, 0x0000000100000000)
  region size 1024K, 9 young (9216K), 9 survivors (9216K)
 Metaspace       used 58251K, committed 59008K, reserved 270336K
  class space    used 7631K, committed 8000K, reserved 212992K
}
Event: 60.909 GC heap before
{Heap before GC invocations=46 (full 0):
 garbage-first heap   total 262144K, used 100996K [0x00000000e0000000, 0x0000000100000000)
  region size 1024K, 32 young (32768K), 9 survivors (9216K)
 Metaspace       used 59091K, committed 59776K, reserved 270336K
  class space    used 7764K, committed 8128K, reserved 212992K
}
Event: 60.932 GC heap after
{Heap after GC invocations=47 (full 0):
 garbage-first heap   total 262144K, used 81063K [0x00000000e0000000, 0x0000000100000000)
  region size 1024K, 12 young (12288K), 12 survivors (12288K)
 Metaspace       used 59091K, committed 59776K, reserved 270336K
  class space    used 7764K, committed 8128K, reserved 212992K
}
Event: 65.462 GC heap before
{Heap before GC invocations=48 (full 0):
 garbage-first heap   total 262144K, used 208039K [0x00000000e0000000, 0x0000000100000000)
  region size 1024K, 137 young (140288K), 12 survivors (12288K)
 Metaspace       used 63430K, committed 64128K, reserved 270336K
  class space    used 8314K, committed 8640K, reserved 212992K
}
Event: 65.501 GC heap after
{Heap after GC invocations=49 (full 0):
 garbage-first heap   total 262144K, used 88438K [0x00000000e0000000, 0x0000000100000000)
  region size 1024K, 17 young (17408K), 17 survivors (17408K)
 Metaspace       used 63430K, committed 64128K, reserved 270336K
  class space    used 8314K, committed 8640K, reserved 212992K
}
Event: 79.785 GC heap before
{Heap before GC invocations=50 (full 0):
 garbage-first heap   total 262144K, used 217462K [0x00000000e0000000, 0x0000000100000000)
  region size 1024K, 135 young (138240K), 17 survivors (17408K)
 Metaspace       used 66329K, committed 67072K, reserved 278528K
  class space    used 8654K, committed 8960K, reserved 212992K
}
Event: 79.810 GC heap after
{Heap after GC invocations=51 (full 0):
 garbage-first heap   total 262144K, used 103283K [0x00000000e0000000, 0x0000000100000000)
  region size 1024K, 14 young (14336K), 14 survivors (14336K)
 Metaspace       used 66329K, committed 67072K, reserved 278528K
  class space    used 8654K, committed 8960K, reserved 212992K
}
Event: 86.633 GC heap before
{Heap before GC invocations=51 (full 0):
 garbage-first heap   total 262144K, used 211827K [0x00000000e0000000, 0x0000000100000000)
  region size 1024K, 120 young (122880K), 14 survivors (14336K)
 Metaspace       used 69711K, committed 70400K, reserved 278528K
  class space    used 9089K, committed 9408K, reserved 212992K
}
Event: 86.666 GC heap after
{Heap after GC invocations=52 (full 0):
 garbage-first heap   total 262144K, used 107971K [0x00000000e0000000, 0x0000000100000000)
  region size 1024K, 11 young (11264K), 11 survivors (11264K)
 Metaspace       used 69711K, committed 70400K, reserved 278528K
  class space    used 9089K, committed 9408K, reserved 212992K
}
Event: 1080.453 GC heap before
{Heap before GC invocations=52 (full 0):
 garbage-first heap   total 262144K, used 214467K [0x00000000e0000000, 0x0000000100000000)
  region size 1024K, 115 young (117760K), 11 survivors (11264K)
 Metaspace       used 74133K, committed 74944K, reserved 278528K
  class space    used 9630K, committed 9984K, reserved 212992K
}
Event: 1080.472 GC heap after
{Heap after GC invocations=53 (full 0):
 garbage-first heap   total 262144K, used 113171K [0x00000000e0000000, 0x0000000100000000)
  region size 1024K, 10 young (10240K), 10 survivors (10240K)
 Metaspace       used 74133K, committed 74944K, reserved 278528K
  class space    used 9630K, committed 9984K, reserved 212992K
}

